<?xml version="1.0" encoding="UTF-8"?>
<!-- Generated by org.testng.reporters.JUnitXMLReporter -->
<testsuite hostname="LAPTOP-U5BGPN10" name="Test" tests="6" failures="0" timestamp="16 Apr 2018 15:32:46 GMT" time="100.311" errors="0">
  <testcase name="AdminLoginTest" time="11.695" classname="com.mmp.admin.tests.AdminModule"/>
  <testcase name="searchPatientSSNTest" time="1.161" classname="com.mmp.admin.tests.AdminModule"/>
  <testcase name="createpatientvisitTest" time="46.909" classname="com.mmp.admin.tests.AdminModule"/>
  <testcase name="addPresdescriptionTest" time="7.954" classname="com.mmp.admin.tests.AdminModule"/>
  <testcase name="createFeeMethodTest" time="10.001" classname="com.mmp.admin.tests.AdminModule"/>
  <testcase name="reportstest" time="4.516" classname="com.mmp.admin.tests.AdminModule"/>
</testsuite> <!-- Test -->
