<?xml version="1.0" encoding="UTF-8"?>
<testng-results skipped="0" failed="0" total="2" passed="2">
  <reporter-output>
  </reporter-output>
  <suite name="Suite" duration-ms="33309" started-at="2018-04-25T04:32:31Z" finished-at="2018-04-25T04:33:04Z">
    <groups>
    </groups>
    <test name="Test" duration-ms="33309" started-at="2018-04-25T04:32:31Z" finished-at="2018-04-25T04:33:04Z">
      <class name="com.mmp.patient.tests.Registerpatienttest">
        <test-method status="PASS" signature="setup(java.lang.String, java.lang.String)[pri:0, instance:com.mmp.patient.tests.Registerpatienttest@3b2da18f]" name="setup" is-config="true" duration-ms="18017" started-at="2018-04-25T00:32:31Z" finished-at="2018-04-25T00:32:49Z">
          <params>
            <param index="0">
              <value>
                <![CDATA[CH]]>
              </value>
            </param>
            <param index="1">
              <value>
                <![CDATA[http://96.84.175.78/MMP-Release2-Integrated-Build.6.8.000]]>
              </value>
            </param>
          </params>
          <reporter-output>
          </reporter-output>
        </test-method> <!-- setup -->
        <test-method status="PASS" signature="patientloginTest()[pri:0, instance:com.mmp.patient.tests.Registerpatienttest@3b2da18f]" name="patientloginTest" duration-ms="1025" started-at="2018-04-25T00:32:49Z" finished-at="2018-04-25T00:32:50Z">
          <reporter-output>
          </reporter-output>
        </test-method> <!-- patientloginTest -->
        <test-method status="PASS" signature="patientregistrationtest(java.lang.String, java.lang.String, java.lang.String)[pri:0, instance:com.mmp.patient.tests.Registerpatienttest@3b2da18f]" name="patientregistrationtest" duration-ms="13821" started-at="2018-04-25T00:32:51Z" finished-at="2018-04-25T00:33:04Z">
          <params>
            <param index="0">
              <value>
                <![CDATA[fghijk@gmail.com]]>
              </value>
            </param>
            <param index="1">
              <value>
                <![CDATA[shalini1]]>
              </value>
            </param>
            <param index="2">
              <value>
                <![CDATA[shalini12345]]>
              </value>
            </param>
          </params>
          <reporter-output>
          </reporter-output>
        </test-method> <!-- patientregistrationtest -->
        <test-method status="PASS" signature="closeApp()[pri:0, instance:com.mmp.patient.tests.Registerpatienttest@3b2da18f]" name="closeApp" is-config="true" duration-ms="2" started-at="2018-04-25T00:33:04Z" finished-at="2018-04-25T00:33:04Z">
          <reporter-output>
          </reporter-output>
        </test-method> <!-- closeApp -->
      </class> <!-- com.mmp.patient.tests.Registerpatienttest -->
    </test> <!-- Test -->
  </suite> <!-- Suite -->
</testng-results>
